19:26:54.295 logback [main] INFO  com.zxu.BusinessRedis - Starting BusinessRedis using Java 1.8.0_211 on PKGHRBLUXQKPXFP with PID 2160 (started by Administrator in D:\zxu_work_space\zxu_github\Paramecium\par-business)
19:26:54.297 logback [main] INFO  com.zxu.BusinessRedis - The following profiles are active: prod
19:26:55.992 logback [main] INFO  o.s.d.r.c.RepositoryConfigurationDelegate - Multiple Spring Data modules found, entering strict repository configuration mode!
19:26:56.000 logback [main] INFO  o.s.d.r.c.RepositoryConfigurationDelegate - Bootstrapping Spring Data MongoDB repositories in DEFAULT mode.
19:26:56.115 logback [main] INFO  o.s.d.r.c.RepositoryConfigurationDelegate - Finished Spring Data repository scanning in 94 ms. Found 0 MongoDB repository interfaces.
19:26:56.149 logback [main] INFO  o.s.d.r.c.RepositoryConfigurationDelegate - Multiple Spring Data modules found, entering strict repository configuration mode!
19:26:56.151 logback [main] INFO  o.s.d.r.c.RepositoryConfigurationDelegate - Bootstrapping Spring Data Redis repositories in DEFAULT mode.
19:26:56.184 logback [main] INFO  o.s.d.r.c.RepositoryConfigurationDelegate - Finished Spring Data repository scanning in 18 ms. Found 0 Redis repository interfaces.
19:26:56.955 logback [main] INFO  o.s.c.s.PostProcessorRegistrationDelegate$BeanPostProcessorChecker - Bean 'io.seata.spring.boot.autoconfigure.SeataAutoConfiguration' of type [io.seata.spring.boot.autoconfigure.SeataAutoConfiguration$$EnhancerBySpringCGLIB$$94601d35] is not eligible for getting processed by all BeanPostProcessors (for example: not eligible for auto-proxying)
19:26:56.995 logback [main] INFO  o.s.c.s.PostProcessorRegistrationDelegate$BeanPostProcessorChecker - Bean 'springApplicationContextProvider' of type [io.seata.spring.boot.autoconfigure.provider.SpringApplicationContextProvider] is not eligible for getting processed by all BeanPostProcessors (for example: not eligible for auto-proxying)
19:26:57.179 logback [main] INFO  o.s.c.s.PostProcessorRegistrationDelegate$BeanPostProcessorChecker - Bean 'failureHandler' of type [io.seata.tm.api.DefaultFailureHandlerImpl] is not eligible for getting processed by all BeanPostProcessors (for example: not eligible for auto-proxying)
19:26:57.267 logback [main] INFO  o.s.c.s.PostProcessorRegistrationDelegate$BeanPostProcessorChecker - Bean 'spring.cloud.alibaba.seata-io.seata.spring.boot.autoconfigure.properties.SpringCloudAlibabaConfiguration' of type [io.seata.spring.boot.autoconfigure.properties.SpringCloudAlibabaConfiguration] is not eligible for getting processed by all BeanPostProcessors (for example: not eligible for auto-proxying)
19:26:57.294 logback [main] INFO  o.s.c.s.PostProcessorRegistrationDelegate$BeanPostProcessorChecker - Bean 'seata-io.seata.spring.boot.autoconfigure.properties.SeataProperties' of type [io.seata.spring.boot.autoconfigure.properties.SeataProperties] is not eligible for getting processed by all BeanPostProcessors (for example: not eligible for auto-proxying)
19:26:57.297 logback [main] INFO  i.s.s.b.a.SeataAutoConfiguration - Automatically configure Seata
19:26:57.468 logback [main] INFO  io.seata.config.ConfigurationFactory - load Configuration:FileConfiguration$$EnhancerByCGLIB$$862af1eb
19:26:57.486 logback [main] INFO  o.s.c.s.PostProcessorRegistrationDelegate$BeanPostProcessorChecker - Bean 'configProperties' of type [io.seata.spring.boot.autoconfigure.properties.config.ConfigProperties] is not eligible for getting processed by all BeanPostProcessors (for example: not eligible for auto-proxying)
19:26:57.499 logback [main] INFO  o.s.c.s.PostProcessorRegistrationDelegate$BeanPostProcessorChecker - Bean 'configFileProperties' of type [io.seata.spring.boot.autoconfigure.properties.config.ConfigFileProperties] is not eligible for getting processed by all BeanPostProcessors (for example: not eligible for auto-proxying)
19:26:57.500 logback [main] INFO  io.seata.config.ConfigurationFactory - load Configuration:FileConfiguration$$EnhancerByCGLIB$$862af1eb
19:26:57.595 logback [main] INFO  o.s.c.s.PostProcessorRegistrationDelegate$BeanPostProcessorChecker - Bean 'serviceProperties' of type [io.seata.spring.boot.autoconfigure.properties.client.ServiceProperties] is not eligible for getting processed by all BeanPostProcessors (for example: not eligible for auto-proxying)
19:26:57.615 logback [main] INFO  i.s.s.a.GlobalTransactionScanner - Initializing Global Transaction Clients ... 
19:26:57.630 logback [main] INFO  o.s.c.s.PostProcessorRegistrationDelegate$BeanPostProcessorChecker - Bean 'threadFactoryProperties' of type [io.seata.spring.boot.autoconfigure.properties.client.ThreadFactoryProperties] is not eligible for getting processed by all BeanPostProcessors (for example: not eligible for auto-proxying)
19:26:57.635 logback [main] INFO  o.s.c.s.PostProcessorRegistrationDelegate$BeanPostProcessorChecker - Bean 'transportProperties' of type [io.seata.spring.boot.autoconfigure.properties.client.TransportProperties] is not eligible for getting processed by all BeanPostProcessors (for example: not eligible for auto-proxying)
19:26:58.216 logback [main] INFO  i.s.c.rpc.netty.NettyClientBootstrap - NettyClientBootstrap has started
19:26:58.216 logback [main] INFO  i.s.s.a.GlobalTransactionScanner - Transaction Manager Client is initialized. applicationId[business-service] txServiceGroup[my_test_tx_group]
19:26:58.238 logback [main] INFO  o.s.c.s.PostProcessorRegistrationDelegate$BeanPostProcessorChecker - Bean 'rmProperties' of type [io.seata.spring.boot.autoconfigure.properties.client.RmProperties] is not eligible for getting processed by all BeanPostProcessors (for example: not eligible for auto-proxying)
19:26:58.238 logback [main] INFO  io.seata.rm.datasource.AsyncWorker - Async Commit Buffer Limit: 1000
19:26:58.239 logback [main] INFO  i.s.r.d.xa.ResourceManagerXA - ResourceManagerXA init ...
19:26:58.251 logback [main] INFO  i.s.c.rpc.netty.NettyClientBootstrap - NettyClientBootstrap has started
19:26:58.251 logback [main] INFO  i.s.s.a.GlobalTransactionScanner - Resource Manager is initialized. applicationId[business-service] txServiceGroup[my_test_tx_group]
19:26:58.251 logback [main] INFO  i.s.s.a.GlobalTransactionScanner - Global Transaction Clients are initialized. 
19:26:58.827 logback [main] INFO  i.s.s.a.d.SeataAutoDataSourceProxyCreator - Auto proxy of [dataSource]
19:27:00.500 logback [main] INFO  i.s.s.a.GlobalTransactionScanner - Bean[com.zxu.service.OrderBillServiceImpl$$EnhancerBySpringCGLIB$$1b53d4c6] with name [orderBillServiceImpl] would use interceptor [io.seata.spring.annotation.GlobalTransactionalInterceptor]
19:27:01.709 logback [main] INFO  o.s.s.c.ThreadPoolTaskExecutor - Initializing ExecutorService 'applicationTaskExecutor'
19:27:02.328 logback [main] INFO  org.mongodb.driver.cluster - Cluster created with settings {hosts=[192.168.27.25:27017], mode=SINGLE, requiredClusterType=UNKNOWN, serverSelectionTimeout='30000 ms'}
19:27:02.427 logback [cluster-rtt-ClusterId{value='60548a865d2964219e4817b1', description='null'}-192.168.27.25:27017] INFO  org.mongodb.driver.connection - Opened connection [connectionId{localValue:2, serverValue:2}] to 192.168.27.25:27017
19:27:02.428 logback [cluster-ClusterId{value='60548a865d2964219e4817b1', description='null'}-192.168.27.25:27017] INFO  org.mongodb.driver.connection - Opened connection [connectionId{localValue:1, serverValue:1}] to 192.168.27.25:27017
19:27:02.428 logback [cluster-ClusterId{value='60548a865d2964219e4817b1', description='null'}-192.168.27.25:27017] INFO  org.mongodb.driver.cluster - Monitor thread successfully connected to server with description ServerDescription{address=192.168.27.25:27017, type=STANDALONE, state=CONNECTED, ok=true, minWireVersion=0, maxWireVersion=8, maxDocumentSize=16777216, logicalSessionTimeoutMinutes=30, roundTripTimeNanos=29878900}
19:27:02.961 logback [main] INFO  com.zxu.BusinessRedis - Started BusinessRedis in 9.555 seconds (JVM running for 11.249)
19:27:04.525 logback [SpringContextShutdownHook] INFO  o.s.s.c.ThreadPoolTaskExecutor - Shutting down ExecutorService 'applicationTaskExecutor'
19:27:44.898 logback [main] INFO  com.zxu.BusinessRedis - Starting BusinessRedis using Java 1.8.0_211 on PKGHRBLUXQKPXFP with PID 4440 (started by Administrator in D:\zxu_work_space\zxu_github\Paramecium\par-business)
19:27:44.900 logback [main] INFO  com.zxu.BusinessRedis - The following profiles are active: prod
19:27:45.912 logback [main] INFO  o.s.d.r.c.RepositoryConfigurationDelegate - Multiple Spring Data modules found, entering strict repository configuration mode!
19:27:45.915 logback [main] INFO  o.s.d.r.c.RepositoryConfigurationDelegate - Bootstrapping Spring Data MongoDB repositories in DEFAULT mode.
19:27:45.944 logback [main] INFO  o.s.d.r.c.RepositoryConfigurationDelegate - Finished Spring Data repository scanning in 23 ms. Found 0 MongoDB repository interfaces.
19:27:45.969 logback [main] INFO  o.s.d.r.c.RepositoryConfigurationDelegate - Multiple Spring Data modules found, entering strict repository configuration mode!
19:27:45.971 logback [main] INFO  o.s.d.r.c.RepositoryConfigurationDelegate - Bootstrapping Spring Data Redis repositories in DEFAULT mode.
19:27:45.994 logback [main] INFO  o.s.d.r.c.RepositoryConfigurationDelegate - Finished Spring Data repository scanning in 10 ms. Found 0 Redis repository interfaces.
19:27:46.413 logback [main] INFO  o.s.c.s.PostProcessorRegistrationDelegate$BeanPostProcessorChecker - Bean 'io.seata.spring.boot.autoconfigure.SeataAutoConfiguration' of type [io.seata.spring.boot.autoconfigure.SeataAutoConfiguration$$EnhancerBySpringCGLIB$$cdab06a2] is not eligible for getting processed by all BeanPostProcessors (for example: not eligible for auto-proxying)
19:27:46.430 logback [main] INFO  o.s.c.s.PostProcessorRegistrationDelegate$BeanPostProcessorChecker - Bean 'springApplicationContextProvider' of type [io.seata.spring.boot.autoconfigure.provider.SpringApplicationContextProvider] is not eligible for getting processed by all BeanPostProcessors (for example: not eligible for auto-proxying)
19:27:46.498 logback [main] INFO  o.s.c.s.PostProcessorRegistrationDelegate$BeanPostProcessorChecker - Bean 'failureHandler' of type [io.seata.tm.api.DefaultFailureHandlerImpl] is not eligible for getting processed by all BeanPostProcessors (for example: not eligible for auto-proxying)
19:27:46.533 logback [main] INFO  o.s.c.s.PostProcessorRegistrationDelegate$BeanPostProcessorChecker - Bean 'spring.cloud.alibaba.seata-io.seata.spring.boot.autoconfigure.properties.SpringCloudAlibabaConfiguration' of type [io.seata.spring.boot.autoconfigure.properties.SpringCloudAlibabaConfiguration] is not eligible for getting processed by all BeanPostProcessors (for example: not eligible for auto-proxying)
19:27:46.537 logback [main] INFO  o.s.c.s.PostProcessorRegistrationDelegate$BeanPostProcessorChecker - Bean 'seata-io.seata.spring.boot.autoconfigure.properties.SeataProperties' of type [io.seata.spring.boot.autoconfigure.properties.SeataProperties] is not eligible for getting processed by all BeanPostProcessors (for example: not eligible for auto-proxying)
19:27:46.538 logback [main] INFO  i.s.s.b.a.SeataAutoConfiguration - Automatically configure Seata
19:27:46.602 logback [main] INFO  io.seata.config.ConfigurationFactory - load Configuration:FileConfiguration$$EnhancerByCGLIB$$862af1eb
19:27:46.614 logback [main] INFO  o.s.c.s.PostProcessorRegistrationDelegate$BeanPostProcessorChecker - Bean 'configProperties' of type [io.seata.spring.boot.autoconfigure.properties.config.ConfigProperties] is not eligible for getting processed by all BeanPostProcessors (for example: not eligible for auto-proxying)
19:27:46.623 logback [main] INFO  o.s.c.s.PostProcessorRegistrationDelegate$BeanPostProcessorChecker - Bean 'configFileProperties' of type [io.seata.spring.boot.autoconfigure.properties.config.ConfigFileProperties] is not eligible for getting processed by all BeanPostProcessors (for example: not eligible for auto-proxying)
19:27:46.624 logback [main] INFO  io.seata.config.ConfigurationFactory - load Configuration:FileConfiguration$$EnhancerByCGLIB$$862af1eb
19:27:46.732 logback [main] INFO  o.s.c.s.PostProcessorRegistrationDelegate$BeanPostProcessorChecker - Bean 'serviceProperties' of type [io.seata.spring.boot.autoconfigure.properties.client.ServiceProperties] is not eligible for getting processed by all BeanPostProcessors (for example: not eligible for auto-proxying)
19:27:46.752 logback [main] INFO  i.s.s.a.GlobalTransactionScanner - Initializing Global Transaction Clients ... 
19:27:46.767 logback [main] INFO  o.s.c.s.PostProcessorRegistrationDelegate$BeanPostProcessorChecker - Bean 'threadFactoryProperties' of type [io.seata.spring.boot.autoconfigure.properties.client.ThreadFactoryProperties] is not eligible for getting processed by all BeanPostProcessors (for example: not eligible for auto-proxying)
19:27:46.777 logback [main] INFO  o.s.c.s.PostProcessorRegistrationDelegate$BeanPostProcessorChecker - Bean 'transportProperties' of type [io.seata.spring.boot.autoconfigure.properties.client.TransportProperties] is not eligible for getting processed by all BeanPostProcessors (for example: not eligible for auto-proxying)
19:27:47.303 logback [main] INFO  i.s.c.rpc.netty.NettyClientBootstrap - NettyClientBootstrap has started
19:27:47.304 logback [main] INFO  i.s.s.a.GlobalTransactionScanner - Transaction Manager Client is initialized. applicationId[business-service] txServiceGroup[my_test_tx_group]
19:27:47.320 logback [main] INFO  o.s.c.s.PostProcessorRegistrationDelegate$BeanPostProcessorChecker - Bean 'rmProperties' of type [io.seata.spring.boot.autoconfigure.properties.client.RmProperties] is not eligible for getting processed by all BeanPostProcessors (for example: not eligible for auto-proxying)
19:27:47.320 logback [main] INFO  io.seata.rm.datasource.AsyncWorker - Async Commit Buffer Limit: 1000
19:27:47.321 logback [main] INFO  i.s.r.d.xa.ResourceManagerXA - ResourceManagerXA init ...
19:27:47.333 logback [main] INFO  i.s.c.rpc.netty.NettyClientBootstrap - NettyClientBootstrap has started
19:27:47.333 logback [main] INFO  i.s.s.a.GlobalTransactionScanner - Resource Manager is initialized. applicationId[business-service] txServiceGroup[my_test_tx_group]
19:27:47.333 logback [main] INFO  i.s.s.a.GlobalTransactionScanner - Global Transaction Clients are initialized. 
19:27:47.835 logback [main] INFO  i.s.s.a.d.SeataAutoDataSourceProxyCreator - Auto proxy of [dataSource]
19:27:49.478 logback [main] INFO  i.s.s.a.GlobalTransactionScanner - Bean[com.zxu.service.OrderBillServiceImpl$$EnhancerBySpringCGLIB$$54b2548e] with name [orderBillServiceImpl] would use interceptor [io.seata.spring.annotation.GlobalTransactionalInterceptor]
19:27:50.638 logback [main] INFO  o.s.s.c.ThreadPoolTaskExecutor - Initializing ExecutorService 'applicationTaskExecutor'
19:27:51.192 logback [main] INFO  org.mongodb.driver.cluster - Cluster created with settings {hosts=[192.168.27.25:27017], mode=SINGLE, requiredClusterType=UNKNOWN, serverSelectionTimeout='30000 ms'}
19:27:51.332 logback [cluster-rtt-ClusterId{value='60548ab74303ab7034c2d90e', description='null'}-192.168.27.25:27017] INFO  org.mongodb.driver.connection - Opened connection [connectionId{localValue:2, serverValue:4}] to 192.168.27.25:27017
19:27:51.334 logback [cluster-ClusterId{value='60548ab74303ab7034c2d90e', description='null'}-192.168.27.25:27017] INFO  org.mongodb.driver.connection - Opened connection [connectionId{localValue:1, serverValue:3}] to 192.168.27.25:27017
19:27:51.336 logback [cluster-ClusterId{value='60548ab74303ab7034c2d90e', description='null'}-192.168.27.25:27017] INFO  org.mongodb.driver.cluster - Monitor thread successfully connected to server with description ServerDescription{address=192.168.27.25:27017, type=STANDALONE, state=CONNECTED, ok=true, minWireVersion=0, maxWireVersion=8, maxDocumentSize=16777216, logicalSessionTimeoutMinutes=30, roundTripTimeNanos=33685300}
19:27:51.840 logback [main] INFO  com.zxu.BusinessRedis - Started BusinessRedis in 7.693 seconds (JVM running for 9.45)
19:27:53.397 logback [SpringContextShutdownHook] INFO  o.s.s.c.ThreadPoolTaskExecutor - Shutting down ExecutorService 'applicationTaskExecutor'
