10:18:18.713 logback [main] INFO  com.zxu.BusinessRedis - Starting BusinessRedis using Java 1.8.0_211 on PKGHRBLUXQKPXFP with PID 836 (started by Administrator in D:\zxu_work_space\zxu_github\Paramecium\par-business)
10:18:18.715 logback [main] INFO  com.zxu.BusinessRedis - The following profiles are active: prod
10:18:19.787 logback [main] INFO  o.s.d.r.c.RepositoryConfigurationDelegate - Multiple Spring Data modules found, entering strict repository configuration mode!
10:18:19.790 logback [main] INFO  o.s.d.r.c.RepositoryConfigurationDelegate - Bootstrapping Spring Data MongoDB repositories in DEFAULT mode.
10:18:19.818 logback [main] INFO  o.s.d.r.c.RepositoryConfigurationDelegate - Finished Spring Data repository scanning in 21 ms. Found 0 MongoDB repository interfaces.
10:18:19.841 logback [main] INFO  o.s.d.r.c.RepositoryConfigurationDelegate - Multiple Spring Data modules found, entering strict repository configuration mode!
10:18:19.843 logback [main] INFO  o.s.d.r.c.RepositoryConfigurationDelegate - Bootstrapping Spring Data Redis repositories in DEFAULT mode.
10:18:19.864 logback [main] INFO  o.s.d.r.c.RepositoryConfigurationDelegate - Finished Spring Data repository scanning in 10 ms. Found 0 Redis repository interfaces.
10:18:20.236 logback [main] INFO  o.s.c.s.PostProcessorRegistrationDelegate$BeanPostProcessorChecker - Bean 'io.seata.spring.boot.autoconfigure.SeataAutoConfiguration' of type [io.seata.spring.boot.autoconfigure.SeataAutoConfiguration$$EnhancerBySpringCGLIB$$212e8425] is not eligible for getting processed by all BeanPostProcessors (for example: not eligible for auto-proxying)
10:18:20.252 logback [main] INFO  o.s.c.s.PostProcessorRegistrationDelegate$BeanPostProcessorChecker - Bean 'springApplicationContextProvider' of type [io.seata.spring.boot.autoconfigure.provider.SpringApplicationContextProvider] is not eligible for getting processed by all BeanPostProcessors (for example: not eligible for auto-proxying)
10:18:20.329 logback [main] INFO  o.s.c.s.PostProcessorRegistrationDelegate$BeanPostProcessorChecker - Bean 'failureHandler' of type [io.seata.tm.api.DefaultFailureHandlerImpl] is not eligible for getting processed by all BeanPostProcessors (for example: not eligible for auto-proxying)
10:18:20.365 logback [main] INFO  o.s.c.s.PostProcessorRegistrationDelegate$BeanPostProcessorChecker - Bean 'spring.cloud.alibaba.seata-io.seata.spring.boot.autoconfigure.properties.SpringCloudAlibabaConfiguration' of type [io.seata.spring.boot.autoconfigure.properties.SpringCloudAlibabaConfiguration] is not eligible for getting processed by all BeanPostProcessors (for example: not eligible for auto-proxying)
10:18:20.369 logback [main] INFO  o.s.c.s.PostProcessorRegistrationDelegate$BeanPostProcessorChecker - Bean 'seata-io.seata.spring.boot.autoconfigure.properties.SeataProperties' of type [io.seata.spring.boot.autoconfigure.properties.SeataProperties] is not eligible for getting processed by all BeanPostProcessors (for example: not eligible for auto-proxying)
10:18:20.370 logback [main] INFO  i.s.s.b.a.SeataAutoConfiguration - Automatically configure Seata
10:18:20.452 logback [main] INFO  io.seata.config.ConfigurationFactory - load Configuration:FileConfiguration$$EnhancerByCGLIB$$862af1eb
10:18:20.465 logback [main] INFO  o.s.c.s.PostProcessorRegistrationDelegate$BeanPostProcessorChecker - Bean 'configProperties' of type [io.seata.spring.boot.autoconfigure.properties.config.ConfigProperties] is not eligible for getting processed by all BeanPostProcessors (for example: not eligible for auto-proxying)
10:18:20.476 logback [main] INFO  o.s.c.s.PostProcessorRegistrationDelegate$BeanPostProcessorChecker - Bean 'configFileProperties' of type [io.seata.spring.boot.autoconfigure.properties.config.ConfigFileProperties] is not eligible for getting processed by all BeanPostProcessors (for example: not eligible for auto-proxying)
10:18:20.477 logback [main] INFO  io.seata.config.ConfigurationFactory - load Configuration:FileConfiguration$$EnhancerByCGLIB$$862af1eb
10:18:20.577 logback [main] INFO  o.s.c.s.PostProcessorRegistrationDelegate$BeanPostProcessorChecker - Bean 'serviceProperties' of type [io.seata.spring.boot.autoconfigure.properties.client.ServiceProperties] is not eligible for getting processed by all BeanPostProcessors (for example: not eligible for auto-proxying)
10:18:20.598 logback [main] INFO  i.s.s.a.GlobalTransactionScanner - Initializing Global Transaction Clients ... 
10:18:20.614 logback [main] INFO  o.s.c.s.PostProcessorRegistrationDelegate$BeanPostProcessorChecker - Bean 'threadFactoryProperties' of type [io.seata.spring.boot.autoconfigure.properties.client.ThreadFactoryProperties] is not eligible for getting processed by all BeanPostProcessors (for example: not eligible for auto-proxying)
10:18:20.620 logback [main] INFO  o.s.c.s.PostProcessorRegistrationDelegate$BeanPostProcessorChecker - Bean 'transportProperties' of type [io.seata.spring.boot.autoconfigure.properties.client.TransportProperties] is not eligible for getting processed by all BeanPostProcessors (for example: not eligible for auto-proxying)
10:18:21.149 logback [main] INFO  i.s.c.rpc.netty.NettyClientBootstrap - NettyClientBootstrap has started
10:18:21.149 logback [main] INFO  i.s.s.a.GlobalTransactionScanner - Transaction Manager Client is initialized. applicationId[business-service] txServiceGroup[my_test_tx_group]
10:18:21.173 logback [main] INFO  o.s.c.s.PostProcessorRegistrationDelegate$BeanPostProcessorChecker - Bean 'rmProperties' of type [io.seata.spring.boot.autoconfigure.properties.client.RmProperties] is not eligible for getting processed by all BeanPostProcessors (for example: not eligible for auto-proxying)
10:18:21.174 logback [main] INFO  io.seata.rm.datasource.AsyncWorker - Async Commit Buffer Limit: 1000
10:18:21.175 logback [main] INFO  i.s.r.d.xa.ResourceManagerXA - ResourceManagerXA init ...
10:18:21.189 logback [main] INFO  i.s.c.rpc.netty.NettyClientBootstrap - NettyClientBootstrap has started
10:18:21.189 logback [main] INFO  i.s.s.a.GlobalTransactionScanner - Resource Manager is initialized. applicationId[business-service] txServiceGroup[my_test_tx_group]
10:18:21.189 logback [main] INFO  i.s.s.a.GlobalTransactionScanner - Global Transaction Clients are initialized. 
10:18:21.703 logback [main] INFO  i.s.s.a.d.SeataAutoDataSourceProxyCreator - Auto proxy of [dataSource]
10:18:23.350 logback [main] INFO  i.s.s.a.GlobalTransactionScanner - Bean[com.zxu.service.OrderBillServiceImpl$$EnhancerBySpringCGLIB$$675525e7] with name [orderBillServiceImpl] would use interceptor [io.seata.spring.annotation.GlobalTransactionalInterceptor]
10:18:24.563 logback [main] INFO  o.s.s.c.ThreadPoolTaskExecutor - Initializing ExecutorService 'applicationTaskExecutor'
10:18:25.147 logback [main] INFO  org.mongodb.driver.cluster - Cluster created with settings {hosts=[192.168.27.25:27017], mode=SINGLE, requiredClusterType=UNKNOWN, serverSelectionTimeout='30000 ms'}
10:18:25.251 logback [cluster-rtt-ClusterId{value='60594ff1db1238218388337a', description='null'}-192.168.27.25:27017] INFO  org.mongodb.driver.connection - Opened connection [connectionId{localValue:2, serverValue:5}] to 192.168.27.25:27017
10:18:25.252 logback [cluster-ClusterId{value='60594ff1db1238218388337a', description='null'}-192.168.27.25:27017] INFO  org.mongodb.driver.connection - Opened connection [connectionId{localValue:1, serverValue:6}] to 192.168.27.25:27017
10:18:25.252 logback [cluster-ClusterId{value='60594ff1db1238218388337a', description='null'}-192.168.27.25:27017] INFO  org.mongodb.driver.cluster - Monitor thread successfully connected to server with description ServerDescription{address=192.168.27.25:27017, type=STANDALONE, state=CONNECTED, ok=true, minWireVersion=0, maxWireVersion=8, maxDocumentSize=16777216, logicalSessionTimeoutMinutes=30, roundTripTimeNanos=31005600}
10:18:25.758 logback [main] INFO  com.zxu.BusinessRedis - Started BusinessRedis in 7.781 seconds (JVM running for 9.611)
10:18:27.353 logback [SpringContextShutdownHook] INFO  o.s.s.c.ThreadPoolTaskExecutor - Shutting down ExecutorService 'applicationTaskExecutor'
10:20:35.171 logback [main] INFO  com.zxu.BusinessRedis - Starting BusinessRedis using Java 1.8.0_211 on PKGHRBLUXQKPXFP with PID 1108 (started by Administrator in D:\zxu_work_space\zxu_github\Paramecium\par-business)
10:20:35.172 logback [main] INFO  com.zxu.BusinessRedis - The following profiles are active: prod
10:20:36.147 logback [main] INFO  o.s.d.r.c.RepositoryConfigurationDelegate - Multiple Spring Data modules found, entering strict repository configuration mode!
10:20:36.150 logback [main] INFO  o.s.d.r.c.RepositoryConfigurationDelegate - Bootstrapping Spring Data MongoDB repositories in DEFAULT mode.
10:20:36.180 logback [main] INFO  o.s.d.r.c.RepositoryConfigurationDelegate - Finished Spring Data repository scanning in 24 ms. Found 0 MongoDB repository interfaces.
10:20:36.197 logback [main] INFO  o.s.d.r.c.RepositoryConfigurationDelegate - Multiple Spring Data modules found, entering strict repository configuration mode!
10:20:36.199 logback [main] INFO  o.s.d.r.c.RepositoryConfigurationDelegate - Bootstrapping Spring Data Redis repositories in DEFAULT mode.
10:20:36.221 logback [main] INFO  o.s.d.r.c.RepositoryConfigurationDelegate - Finished Spring Data repository scanning in 12 ms. Found 0 Redis repository interfaces.
10:20:36.592 logback [main] INFO  o.s.c.s.PostProcessorRegistrationDelegate$BeanPostProcessorChecker - Bean 'io.seata.spring.boot.autoconfigure.SeataAutoConfiguration' of type [io.seata.spring.boot.autoconfigure.SeataAutoConfiguration$$EnhancerBySpringCGLIB$$d74dd564] is not eligible for getting processed by all BeanPostProcessors (for example: not eligible for auto-proxying)
10:20:36.606 logback [main] INFO  o.s.c.s.PostProcessorRegistrationDelegate$BeanPostProcessorChecker - Bean 'springApplicationContextProvider' of type [io.seata.spring.boot.autoconfigure.provider.SpringApplicationContextProvider] is not eligible for getting processed by all BeanPostProcessors (for example: not eligible for auto-proxying)
10:20:36.660 logback [main] INFO  o.s.c.s.PostProcessorRegistrationDelegate$BeanPostProcessorChecker - Bean 'failureHandler' of type [io.seata.tm.api.DefaultFailureHandlerImpl] is not eligible for getting processed by all BeanPostProcessors (for example: not eligible for auto-proxying)
10:20:36.694 logback [main] INFO  o.s.c.s.PostProcessorRegistrationDelegate$BeanPostProcessorChecker - Bean 'spring.cloud.alibaba.seata-io.seata.spring.boot.autoconfigure.properties.SpringCloudAlibabaConfiguration' of type [io.seata.spring.boot.autoconfigure.properties.SpringCloudAlibabaConfiguration] is not eligible for getting processed by all BeanPostProcessors (for example: not eligible for auto-proxying)
10:20:36.698 logback [main] INFO  o.s.c.s.PostProcessorRegistrationDelegate$BeanPostProcessorChecker - Bean 'seata-io.seata.spring.boot.autoconfigure.properties.SeataProperties' of type [io.seata.spring.boot.autoconfigure.properties.SeataProperties] is not eligible for getting processed by all BeanPostProcessors (for example: not eligible for auto-proxying)
10:20:36.700 logback [main] INFO  i.s.s.b.a.SeataAutoConfiguration - Automatically configure Seata
10:20:36.764 logback [main] INFO  io.seata.config.ConfigurationFactory - load Configuration:FileConfiguration$$EnhancerByCGLIB$$862af1eb
10:20:36.784 logback [main] INFO  o.s.c.s.PostProcessorRegistrationDelegate$BeanPostProcessorChecker - Bean 'configProperties' of type [io.seata.spring.boot.autoconfigure.properties.config.ConfigProperties] is not eligible for getting processed by all BeanPostProcessors (for example: not eligible for auto-proxying)
10:20:36.791 logback [main] INFO  o.s.c.s.PostProcessorRegistrationDelegate$BeanPostProcessorChecker - Bean 'configFileProperties' of type [io.seata.spring.boot.autoconfigure.properties.config.ConfigFileProperties] is not eligible for getting processed by all BeanPostProcessors (for example: not eligible for auto-proxying)
10:20:36.792 logback [main] INFO  io.seata.config.ConfigurationFactory - load Configuration:FileConfiguration$$EnhancerByCGLIB$$862af1eb
10:20:36.938 logback [main] INFO  o.s.c.s.PostProcessorRegistrationDelegate$BeanPostProcessorChecker - Bean 'serviceProperties' of type [io.seata.spring.boot.autoconfigure.properties.client.ServiceProperties] is not eligible for getting processed by all BeanPostProcessors (for example: not eligible for auto-proxying)
10:20:36.986 logback [main] INFO  i.s.s.a.GlobalTransactionScanner - Initializing Global Transaction Clients ... 
10:20:37.015 logback [main] INFO  o.s.c.s.PostProcessorRegistrationDelegate$BeanPostProcessorChecker - Bean 'threadFactoryProperties' of type [io.seata.spring.boot.autoconfigure.properties.client.ThreadFactoryProperties] is not eligible for getting processed by all BeanPostProcessors (for example: not eligible for auto-proxying)
10:20:37.029 logback [main] INFO  o.s.c.s.PostProcessorRegistrationDelegate$BeanPostProcessorChecker - Bean 'transportProperties' of type [io.seata.spring.boot.autoconfigure.properties.client.TransportProperties] is not eligible for getting processed by all BeanPostProcessors (for example: not eligible for auto-proxying)
10:20:37.603 logback [main] INFO  i.s.c.rpc.netty.NettyClientBootstrap - NettyClientBootstrap has started
10:20:37.603 logback [main] INFO  i.s.s.a.GlobalTransactionScanner - Transaction Manager Client is initialized. applicationId[business-service] txServiceGroup[my_test_tx_group]
10:20:37.618 logback [main] INFO  o.s.c.s.PostProcessorRegistrationDelegate$BeanPostProcessorChecker - Bean 'rmProperties' of type [io.seata.spring.boot.autoconfigure.properties.client.RmProperties] is not eligible for getting processed by all BeanPostProcessors (for example: not eligible for auto-proxying)
10:20:37.618 logback [main] INFO  io.seata.rm.datasource.AsyncWorker - Async Commit Buffer Limit: 1000
10:20:37.619 logback [main] INFO  i.s.r.d.xa.ResourceManagerXA - ResourceManagerXA init ...
10:20:37.627 logback [main] INFO  i.s.c.rpc.netty.NettyClientBootstrap - NettyClientBootstrap has started
10:20:37.628 logback [main] INFO  i.s.s.a.GlobalTransactionScanner - Resource Manager is initialized. applicationId[business-service] txServiceGroup[my_test_tx_group]
10:20:37.628 logback [main] INFO  i.s.s.a.GlobalTransactionScanner - Global Transaction Clients are initialized. 
10:20:38.079 logback [main] INFO  i.s.s.a.d.SeataAutoDataSourceProxyCreator - Auto proxy of [dataSource]
10:20:39.644 logback [main] INFO  i.s.s.a.GlobalTransactionScanner - Bean[com.zxu.service.OrderBillServiceImpl$$EnhancerBySpringCGLIB$$105ccf30] with name [orderBillServiceImpl] would use interceptor [io.seata.spring.annotation.GlobalTransactionalInterceptor]
10:20:40.680 logback [main] INFO  o.s.s.c.ThreadPoolTaskExecutor - Initializing ExecutorService 'applicationTaskExecutor'
10:20:41.171 logback [main] INFO  org.mongodb.driver.cluster - Cluster created with settings {hosts=[192.168.27.25:27017], mode=SINGLE, requiredClusterType=UNKNOWN, serverSelectionTimeout='30000 ms'}
10:20:41.265 logback [cluster-rtt-ClusterId{value='605950796e511d56075e01e9', description='null'}-192.168.27.25:27017] INFO  org.mongodb.driver.connection - Opened connection [connectionId{localValue:2, serverValue:7}] to 192.168.27.25:27017
10:20:41.265 logback [cluster-ClusterId{value='605950796e511d56075e01e9', description='null'}-192.168.27.25:27017] INFO  org.mongodb.driver.connection - Opened connection [connectionId{localValue:1, serverValue:8}] to 192.168.27.25:27017
10:20:41.265 logback [cluster-ClusterId{value='605950796e511d56075e01e9', description='null'}-192.168.27.25:27017] INFO  org.mongodb.driver.cluster - Monitor thread successfully connected to server with description ServerDescription{address=192.168.27.25:27017, type=STANDALONE, state=CONNECTED, ok=true, minWireVersion=0, maxWireVersion=8, maxDocumentSize=16777216, logicalSessionTimeoutMinutes=30, roundTripTimeNanos=33001600}
10:20:41.764 logback [main] INFO  com.zxu.BusinessRedis - Started BusinessRedis in 7.235 seconds (JVM running for 8.965)
10:20:43.208 logback [SpringContextShutdownHook] INFO  o.s.s.c.ThreadPoolTaskExecutor - Shutting down ExecutorService 'applicationTaskExecutor'
10:21:58.775 logback [main] INFO  com.zxu.BusinessMongo - Starting BusinessMongo using Java 1.8.0_211 on PKGHRBLUXQKPXFP with PID 22604 (started by Administrator in D:\zxu_work_space\zxu_github\Paramecium\par-business)
10:21:58.777 logback [main] INFO  com.zxu.BusinessMongo - The following profiles are active: prod
10:21:59.772 logback [main] INFO  o.s.d.r.c.RepositoryConfigurationDelegate - Multiple Spring Data modules found, entering strict repository configuration mode!
10:21:59.775 logback [main] INFO  o.s.d.r.c.RepositoryConfigurationDelegate - Bootstrapping Spring Data MongoDB repositories in DEFAULT mode.
10:21:59.802 logback [main] INFO  o.s.d.r.c.RepositoryConfigurationDelegate - Finished Spring Data repository scanning in 21 ms. Found 0 MongoDB repository interfaces.
10:21:59.818 logback [main] INFO  o.s.d.r.c.RepositoryConfigurationDelegate - Multiple Spring Data modules found, entering strict repository configuration mode!
10:21:59.820 logback [main] INFO  o.s.d.r.c.RepositoryConfigurationDelegate - Bootstrapping Spring Data Redis repositories in DEFAULT mode.
10:21:59.841 logback [main] INFO  o.s.d.r.c.RepositoryConfigurationDelegate - Finished Spring Data repository scanning in 10 ms. Found 0 Redis repository interfaces.
10:22:00.240 logback [main] INFO  o.s.c.s.PostProcessorRegistrationDelegate$BeanPostProcessorChecker - Bean 'io.seata.spring.boot.autoconfigure.SeataAutoConfiguration' of type [io.seata.spring.boot.autoconfigure.SeataAutoConfiguration$$EnhancerBySpringCGLIB$$576ffbf1] is not eligible for getting processed by all BeanPostProcessors (for example: not eligible for auto-proxying)
10:22:00.259 logback [main] INFO  o.s.c.s.PostProcessorRegistrationDelegate$BeanPostProcessorChecker - Bean 'springApplicationContextProvider' of type [io.seata.spring.boot.autoconfigure.provider.SpringApplicationContextProvider] is not eligible for getting processed by all BeanPostProcessors (for example: not eligible for auto-proxying)
10:22:00.333 logback [main] INFO  o.s.c.s.PostProcessorRegistrationDelegate$BeanPostProcessorChecker - Bean 'failureHandler' of type [io.seata.tm.api.DefaultFailureHandlerImpl] is not eligible for getting processed by all BeanPostProcessors (for example: not eligible for auto-proxying)
10:22:00.369 logback [main] INFO  o.s.c.s.PostProcessorRegistrationDelegate$BeanPostProcessorChecker - Bean 'spring.cloud.alibaba.seata-io.seata.spring.boot.autoconfigure.properties.SpringCloudAlibabaConfiguration' of type [io.seata.spring.boot.autoconfigure.properties.SpringCloudAlibabaConfiguration] is not eligible for getting processed by all BeanPostProcessors (for example: not eligible for auto-proxying)
10:22:00.374 logback [main] INFO  o.s.c.s.PostProcessorRegistrationDelegate$BeanPostProcessorChecker - Bean 'seata-io.seata.spring.boot.autoconfigure.properties.SeataProperties' of type [io.seata.spring.boot.autoconfigure.properties.SeataProperties] is not eligible for getting processed by all BeanPostProcessors (for example: not eligible for auto-proxying)
10:22:00.375 logback [main] INFO  i.s.s.b.a.SeataAutoConfiguration - Automatically configure Seata
10:22:00.442 logback [main] INFO  io.seata.config.ConfigurationFactory - load Configuration:FileConfiguration$$EnhancerByCGLIB$$862af1eb
10:22:00.454 logback [main] INFO  o.s.c.s.PostProcessorRegistrationDelegate$BeanPostProcessorChecker - Bean 'configProperties' of type [io.seata.spring.boot.autoconfigure.properties.config.ConfigProperties] is not eligible for getting processed by all BeanPostProcessors (for example: not eligible for auto-proxying)
10:22:00.461 logback [main] INFO  o.s.c.s.PostProcessorRegistrationDelegate$BeanPostProcessorChecker - Bean 'configFileProperties' of type [io.seata.spring.boot.autoconfigure.properties.config.ConfigFileProperties] is not eligible for getting processed by all BeanPostProcessors (for example: not eligible for auto-proxying)
10:22:00.461 logback [main] INFO  io.seata.config.ConfigurationFactory - load Configuration:FileConfiguration$$EnhancerByCGLIB$$862af1eb
10:22:00.545 logback [main] INFO  o.s.c.s.PostProcessorRegistrationDelegate$BeanPostProcessorChecker - Bean 'serviceProperties' of type [io.seata.spring.boot.autoconfigure.properties.client.ServiceProperties] is not eligible for getting processed by all BeanPostProcessors (for example: not eligible for auto-proxying)
10:22:00.564 logback [main] INFO  i.s.s.a.GlobalTransactionScanner - Initializing Global Transaction Clients ... 
10:22:00.578 logback [main] INFO  o.s.c.s.PostProcessorRegistrationDelegate$BeanPostProcessorChecker - Bean 'threadFactoryProperties' of type [io.seata.spring.boot.autoconfigure.properties.client.ThreadFactoryProperties] is not eligible for getting processed by all BeanPostProcessors (for example: not eligible for auto-proxying)
10:22:00.584 logback [main] INFO  o.s.c.s.PostProcessorRegistrationDelegate$BeanPostProcessorChecker - Bean 'transportProperties' of type [io.seata.spring.boot.autoconfigure.properties.client.TransportProperties] is not eligible for getting processed by all BeanPostProcessors (for example: not eligible for auto-proxying)
10:22:01.107 logback [main] INFO  i.s.c.rpc.netty.NettyClientBootstrap - NettyClientBootstrap has started
10:22:01.107 logback [main] INFO  i.s.s.a.GlobalTransactionScanner - Transaction Manager Client is initialized. applicationId[business-service] txServiceGroup[my_test_tx_group]
10:22:01.125 logback [main] INFO  o.s.c.s.PostProcessorRegistrationDelegate$BeanPostProcessorChecker - Bean 'rmProperties' of type [io.seata.spring.boot.autoconfigure.properties.client.RmProperties] is not eligible for getting processed by all BeanPostProcessors (for example: not eligible for auto-proxying)
10:22:01.125 logback [main] INFO  io.seata.rm.datasource.AsyncWorker - Async Commit Buffer Limit: 1000
10:22:01.126 logback [main] INFO  i.s.r.d.xa.ResourceManagerXA - ResourceManagerXA init ...
10:22:01.139 logback [main] INFO  i.s.c.rpc.netty.NettyClientBootstrap - NettyClientBootstrap has started
10:22:01.139 logback [main] INFO  i.s.s.a.GlobalTransactionScanner - Resource Manager is initialized. applicationId[business-service] txServiceGroup[my_test_tx_group]
10:22:01.139 logback [main] INFO  i.s.s.a.GlobalTransactionScanner - Global Transaction Clients are initialized. 
10:22:01.734 logback [main] INFO  i.s.s.a.d.SeataAutoDataSourceProxyCreator - Auto proxy of [dataSource]
10:22:03.458 logback [main] INFO  i.s.s.a.GlobalTransactionScanner - Bean[com.zxu.service.OrderBillServiceImpl$$EnhancerBySpringCGLIB$$ea143471] with name [orderBillServiceImpl] would use interceptor [io.seata.spring.annotation.GlobalTransactionalInterceptor]
10:22:04.643 logback [main] INFO  o.s.s.c.ThreadPoolTaskExecutor - Initializing ExecutorService 'applicationTaskExecutor'
10:22:05.229 logback [main] INFO  org.mongodb.driver.cluster - Cluster created with settings {hosts=[192.168.27.25:27017], mode=SINGLE, requiredClusterType=UNKNOWN, serverSelectionTimeout='30000 ms'}
10:22:05.329 logback [cluster-rtt-ClusterId{value='605950cd474d2967059317d3', description='null'}-192.168.27.25:27017] INFO  org.mongodb.driver.connection - Opened connection [connectionId{localValue:2, serverValue:10}] to 192.168.27.25:27017
10:22:05.330 logback [cluster-ClusterId{value='605950cd474d2967059317d3', description='null'}-192.168.27.25:27017] INFO  org.mongodb.driver.connection - Opened connection [connectionId{localValue:1, serverValue:9}] to 192.168.27.25:27017
10:22:05.331 logback [cluster-ClusterId{value='605950cd474d2967059317d3', description='null'}-192.168.27.25:27017] INFO  org.mongodb.driver.cluster - Monitor thread successfully connected to server with description ServerDescription{address=192.168.27.25:27017, type=STANDALONE, state=CONNECTED, ok=true, minWireVersion=0, maxWireVersion=8, maxDocumentSize=16777216, logicalSessionTimeoutMinutes=30, roundTripTimeNanos=31392300}
10:22:05.893 logback [main] INFO  com.zxu.BusinessMongo - Started BusinessMongo in 7.789 seconds (JVM running for 9.911)
10:22:07.188 logback [main] INFO  org.mongodb.driver.connection - Opened connection [connectionId{localValue:3, serverValue:11}] to 192.168.27.25:27017
10:22:11.683 logback [SpringContextShutdownHook] INFO  org.mongodb.driver.connection - Closed connection [connectionId{localValue:3, serverValue:11}] to 192.168.27.25:27017 because the pool has been closed.
10:22:11.686 logback [SpringContextShutdownHook] INFO  o.s.s.c.ThreadPoolTaskExecutor - Shutting down ExecutorService 'applicationTaskExecutor'
